TN:
SF:app\layout.tsx
FN:14,RootLayout
FNF:1
FNH:0
FNDA:0,RootLayout
DA:2,0
DA:3,0
DA:4,0
DA:5,0
DA:7,0
DA:9,0
DA:14,0
LF:7
LH:0
BRF:0
BRH:0
end_of_record
TN:
SF:app\page.tsx
FN:3,Home
FNF:1
FNH:0
FNDA:0,Home
DA:1,0
DA:3,0
LF:2
LH:0
BRF:0
BRH:0
end_of_record
TN:
SF:app\api\pdf\[operation]\route.ts
FN:17,validateFile
FN:29,POST
FN:79,(anonymous_5)
FN:127,GET
FNF:4
FNH:0
FNDA:0,validateFile
FNDA:0,POST
FNDA:0,(anonymous_5)
FNDA:0,GET
DA:1,0
DA:3,0
DA:6,0
DA:7,0
DA:18,0
DA:19,0
DA:22,0
DA:23,0
DA:26,0
DA:29,0
DA:33,0
DA:34,0
DA:37,0
DA:38,0
DA:39,0
DA:42,0
DA:43,0
DA:44,0
DA:45,0
DA:53,0
DA:56,0
DA:57,0
DA:61,0
DA:62,0
DA:66,0
DA:67,0
DA:70,0
DA:78,0
DA:79,0
DA:80,0
DA:91,0
DA:92,0
DA:94,0
DA:95,0
DA:96,0
DA:97,0
DA:99,0
DA:106,0
DA:107,0
DA:114,0
DA:115,0
DA:127,0
DA:131,0
DA:132,0
DA:133,0
DA:134,0
DA:136,0
DA:138,0
DA:140,0
DA:141,0
DA:147,0
DA:148,0
DA:151,0
DA:153,0
DA:155,0
DA:156,0
DA:162,0
DA:163,0
DA:164,0
DA:166,0
DA:167,0
DA:168,0
DA:170,0
DA:176,0
DA:182,0
DA:183,0
LF:66
LH:0
BRDA:3,0,0,0
BRDA:3,0,1,0
BRDA:18,1,0,0
BRDA:18,1,1,0
BRDA:22,2,0,0
BRDA:22,2,1,0
BRDA:39,3,0,0
BRDA:39,3,1,0
BRDA:44,4,0,0
BRDA:44,4,1,0
BRDA:61,5,0,0
BRDA:61,5,1,0
BRDA:78,6,0,0
BRDA:78,6,1,0
BRDA:82,7,0,0
BRDA:82,7,1,0
BRDA:92,8,0,0
BRDA:92,8,1,0
BRDA:92,9,0,0
BRDA:92,9,1,0
BRDA:92,9,2,0
BRDA:97,10,0,0
BRDA:97,10,1,0
BRDA:119,11,0,0
BRDA:119,11,1,0
BRDA:136,12,0,0
BRDA:136,12,1,0
BRDA:136,13,0,0
BRDA:136,13,1,0
BRDA:140,14,0,0
BRDA:140,14,1,0
BRDA:151,15,0,0
BRDA:151,15,1,0
BRDA:151,16,0,0
BRDA:151,16,1,0
BRDA:155,17,0,0
BRDA:155,17,1,0
BRDA:163,18,0,0
BRDA:163,18,1,0
BRDA:164,19,0,0
BRDA:164,19,1,0
BRF:41
BRH:0
end_of_record
TN:
SF:app\tools\[...slug]\page.tsx
FN:254,(anonymous_2)
FNF:1
FNH:0
FNDA:0,(anonymous_2)
DA:3,0
DA:4,0
DA:16,0
DA:19,0
DA:254,0
DA:255,0
DA:256,0
DA:258,0
DA:277,0
LF:9
LH:0
BRDA:258,0,0,0
BRDA:258,0,1,0
BRF:2
BRH:0
end_of_record
TN:
SF:app\tools\pdf-converter\page.tsx
FN:24,(anonymous_5)
FN:29,(anonymous_6)
FN:34,(anonymous_7)
FN:39,(anonymous_8)
FN:46,(anonymous_9)
FN:53,(anonymous_10)
FN:54,(anonymous_11)
FN:65,(anonymous_12)
FN:72,(anonymous_13)
FN:75,(anonymous_14)
FN:80,(anonymous_15)
FN:81,(anonymous_16)
FN:82,(anonymous_17)
FN:82,(anonymous_18)
FN:89,(anonymous_19)
FN:96,(anonymous_20)
FN:105,(anonymous_21)
FN:106,(anonymous_22)
FN:106,(anonymous_23)
FN:109,(anonymous_24)
FN:111,(anonymous_25)
FN:126,(anonymous_26)
FN:138,(anonymous_27)
FN:231,(anonymous_28)
FN:256,(anonymous_29)
FN:282,(anonymous_30)
FN:290,(anonymous_31)
FNF:27
FNH:0
FNDA:0,(anonymous_5)
FNDA:0,(anonymous_6)
FNDA:0,(anonymous_7)
FNDA:0,(anonymous_8)
FNDA:0,(anonymous_9)
FNDA:0,(anonymous_10)
FNDA:0,(anonymous_11)
FNDA:0,(anonymous_12)
FNDA:0,(anonymous_13)
FNDA:0,(anonymous_14)
FNDA:0,(anonymous_15)
FNDA:0,(anonymous_16)
FNDA:0,(anonymous_17)
FNDA:0,(anonymous_18)
FNDA:0,(anonymous_19)
FNDA:0,(anonymous_20)
FNDA:0,(anonymous_21)
FNDA:0,(anonymous_22)
FNDA:0,(anonymous_23)
FNDA:0,(anonymous_24)
FNDA:0,(anonymous_25)
FNDA:0,(anonymous_26)
FNDA:0,(anonymous_27)
FNDA:0,(anonymous_28)
FNDA:0,(anonymous_29)
FNDA:0,(anonymous_30)
FNDA:0,(anonymous_31)
DA:3,0
DA:4,0
DA:14,0
DA:15,0
DA:24,0
DA:25,0
DA:26,0
DA:27,0
DA:29,0
DA:30,0
DA:31,0
DA:34,0
DA:35,0
DA:36,0
DA:39,0
DA:40,0
DA:41,0
DA:42,0
DA:43,0
DA:46,0
DA:47,0
DA:48,0
DA:49,0
DA:53,0
DA:54,0
DA:55,0
DA:65,0
DA:72,0
DA:75,0
DA:76,0
DA:80,0
DA:81,0
DA:82,0
DA:83,0
DA:88,0
DA:89,0
DA:90,0
DA:91,0
DA:92,0
DA:93,0
DA:96,0
DA:97,0
DA:100,0
DA:105,0
DA:106,0
DA:109,0
DA:111,0
DA:112,0
DA:114,0
DA:115,0
DA:116,0
DA:117,0
DA:118,0
DA:119,0
DA:120,0
DA:121,0
DA:122,0
DA:126,0
DA:127,0
DA:138,0
DA:139,0
DA:141,0
DA:143,0
DA:145,0
DA:147,0
DA:231,0
DA:257,0
DA:282,0
DA:290,0
DA:354,0
LF:70
LH:0
BRDA:47,0,0,0
BRDA:47,0,1,0
BRDA:55,1,0,0
BRDA:55,1,1,0
BRDA:55,1,2,0
BRDA:55,1,3,0
BRDA:55,1,4,0
BRDA:55,1,5,0
BRDA:55,1,6,0
BRDA:55,1,7,0
BRDA:83,2,0,0
BRDA:83,2,1,0
BRDA:91,3,0,0
BRDA:91,3,1,0
BRDA:112,4,0,0
BRDA:112,4,1,0
BRDA:127,5,0,0
BRDA:139,6,0,0
BRDA:139,6,1,0
BRDA:139,6,2,0
BRDA:139,6,3,0
BRDA:200,7,0,0
BRDA:200,7,1,0
BRDA:247,8,0,0
BRDA:279,9,0,0
BRDA:299,10,0,0
BRDA:299,10,1,0
BRF:27
BRH:0
end_of_record
TN:
SF:app\tools\word-counter\page.tsx
FN:7,(anonymous_2)
FNF:1
FNH:0
FNDA:0,(anonymous_2)
DA:3,0
DA:4,0
DA:5,0
DA:7,0
DA:40,0
LF:5
LH:0
BRF:0
BRH:0
end_of_record
TN:
SF:components\demo.tsx
FN:3,(anonymous_1)
FNF:1
FNH:0
FNDA:0,(anonymous_1)
DA:1,0
DA:3,0
DA:11,0
LF:3
LH:0
BRF:0
BRH:0
end_of_record
TN:
SF:components\theme-provider.tsx
FN:7,ThemeProvider
FNF:1
FNH:1
FNDA:2,ThemeProvider
DA:3,1
DA:4,1
DA:7,2
LF:3
LH:3
BRF:0
BRH:0
end_of_record
TN:
SF:components\examples\pdf-processor-example.tsx
FN:17,(anonymous_5)
FN:35,(anonymous_6)
FN:46,(anonymous_7)
FN:65,(anonymous_8)
FN:71,(anonymous_9)
FN:72,(anonymous_10)
FN:78,(anonymous_11)
FN:83,(anonymous_12)
FN:92,(anonymous_13)
FN:110,(anonymous_14)
FN:128,(anonymous_15)
FN:151,(anonymous_16)
FN:166,(anonymous_17)
FN:185,(anonymous_18)
FN:204,(anonymous_19)
FN:225,(anonymous_20)
FN:276,(anonymous_21)
FN:291,(anonymous_22)
FNF:18
FNH:0
FNDA:0,(anonymous_5)
FNDA:0,(anonymous_6)
FNDA:0,(anonymous_7)
FNDA:0,(anonymous_8)
FNDA:0,(anonymous_9)
FNDA:0,(anonymous_10)
FNDA:0,(anonymous_11)
FNDA:0,(anonymous_12)
FNDA:0,(anonymous_13)
FNDA:0,(anonymous_14)
FNDA:0,(anonymous_15)
FNDA:0,(anonymous_16)
FNDA:0,(anonymous_17)
FNDA:0,(anonymous_18)
FNDA:0,(anonymous_19)
FNDA:0,(anonymous_20)
FNDA:0,(anonymous_21)
FNDA:0,(anonymous_22)
DA:3,0
DA:4,0
DA:5,0
DA:6,0
DA:7,0
DA:8,0
DA:9,0
DA:11,0
DA:17,0
DA:18,0
DA:19,0
DA:20,0
DA:22,0
DA:35,0
DA:36,0
DA:38,0
DA:40,0
DA:42,0
DA:46,0
DA:47,0
DA:49,0
DA:57,0
DA:59,0
DA:61,0
DA:65,0
DA:66,0
DA:67,0
DA:68,0
DA:71,0
DA:72,0
DA:78,0
DA:79,0
DA:80,0
DA:83,0
DA:84,0
DA:92,0
DA:110,0
DA:128,0
DA:151,0
DA:166,0
DA:185,0
DA:200,0
DA:204,0
DA:226,0
DA:277,0
DA:292,0
DA:293,0
DA:294,0
DA:295,0
DA:336,0
LF:50
LH:0
BRDA:36,0,0,0
BRDA:36,0,1,0
BRDA:36,0,2,0
BRDA:47,1,0,0
BRDA:47,1,1,0
BRDA:47,1,2,0
BRDA:47,1,3,0
BRDA:47,1,4,0
BRDA:47,1,5,0
BRDA:47,1,6,0
BRDA:47,1,7,0
BRDA:47,1,8,0
BRDA:47,1,9,0
BRDA:84,2,0,0
BRDA:91,3,0,0
BRDA:91,3,1,0
BRDA:105,4,0,0
BRDA:107,5,0,0
BRDA:107,5,1,0
BRDA:109,6,0,0
BRDA:109,6,1,0
BRDA:127,7,0,0
BRDA:127,7,1,0
BRDA:150,8,0,0
BRDA:150,8,1,0
BRDA:165,9,0,0
BRDA:165,9,1,0
BRDA:184,10,0,0
BRDA:184,10,1,0
BRDA:248,11,0,0
BRDA:248,11,1,0
BRDA:249,12,0,0
BRDA:249,12,1,0
BRDA:250,13,0,0
BRDA:250,13,1,0
BRDA:266,14,0,0
BRDA:289,15,0,0
BRF:37
BRH:0
end_of_record
TN:
SF:components\ui\canvas-reveal-effect.tsx
FN:27,(anonymous_4)
FN:76,(anonymous_5)
FN:84,(anonymous_6)
FN:114,(anonymous_7)
FN:219,(anonymous_8)
FN:233,(anonymous_9)
FN:244,(anonymous_10)
FN:268,(anonymous_11)
FN:293,(anonymous_12)
FN:327,(anonymous_13)
FNF:10
FNH:0
FNDA:0,(anonymous_4)
FNDA:0,(anonymous_5)
FNDA:0,(anonymous_6)
FNDA:0,(anonymous_7)
FNDA:0,(anonymous_8)
FNDA:0,(anonymous_9)
FNDA:0,(anonymous_10)
FNDA:0,(anonymous_11)
FNDA:0,(anonymous_12)
FNDA:0,(anonymous_13)
DA:3,0
DA:5,0
DA:6,0
DA:7,0
DA:27,0
DA:76,0
DA:84,0
DA:85,0
DA:93,0
DA:94,0
DA:102,0
DA:103,0
DA:112,0
DA:114,0
DA:219,0
DA:229,0
DA:230,0
DA:231,0
DA:233,0
DA:234,0
DA:235,0
DA:237,0
DA:239,0
DA:240,0
DA:241,0
DA:244,0
DA:245,0
DA:247,0
DA:248,0
DA:250,0
DA:252,0
DA:253,0
DA:255,0
DA:256,0
DA:258,0
DA:262,0
DA:264,0
DA:265,0
DA:267,0
DA:269,0
DA:273,0
DA:275,0
DA:279,0
DA:281,0
DA:282,0
DA:286,0
DA:287,0
DA:290,0
DA:293,0
DA:294,0
DA:316,0
DA:327,0
LF:52
LH:0
BRDA:28,0,0,0
BRDA:29,1,0,0
BRDA:30,2,0,0
BRDA:33,3,0,0
BRDA:34,4,0,0
BRDA:48,5,0,0
BRDA:48,5,1,0
BRDA:49,6,0,0
BRDA:49,6,1,0
BRDA:51,7,0,0
BRDA:51,7,1,0
BRDA:54,8,0,0
BRDA:54,8,1,0
BRDA:60,9,0,0
BRDA:77,10,0,0
BRDA:78,11,0,0
BRDA:79,12,0,0
BRDA:80,13,0,0
BRDA:81,14,0,0
BRDA:82,15,0,0
BRDA:93,16,0,0
BRDA:93,16,1,0
BRDA:102,17,0,0
BRDA:102,17,1,0
BRDA:134,18,0,0
BRDA:134,18,1,0
BRDA:167,19,0,0
BRDA:167,19,1,0
BRDA:172,20,0,0
BRDA:172,20,1,0
BRDA:222,21,0,0
BRDA:234,22,0,0
BRDA:234,22,1,0
BRDA:250,23,0,0
BRDA:250,23,1,0
BRDA:250,23,2,0
BRDA:250,23,3,0
BRDA:250,23,4,0
BRDA:250,23,5,0
BRDA:250,23,6,0
BRDA:327,24,0,0
BRF:41
BRH:0
end_of_record
TN:
SF:components\ui\document-tools.tsx
FN:125,(anonymous_2)
FN:167,(anonymous_3)
FN:210,(anonymous_4)
FN:220,(anonymous_5)
FN:242,(anonymous_6)
FN:252,(anonymous_7)
FN:274,(anonymous_8)
FN:295,(anonymous_9)
FN:374,(anonymous_10)
FNF:9
FNH:0
FNDA:0,(anonymous_2)
FNDA:0,(anonymous_3)
FNDA:0,(anonymous_4)
FNDA:0,(anonymous_5)
FNDA:0,(anonymous_6)
FNDA:0,(anonymous_7)
FNDA:0,(anonymous_8)
FNDA:0,(anonymous_9)
FNDA:0,(anonymous_10)
DA:3,0
DA:4,0
DA:5,0
DA:6,0
DA:12,0
DA:95,0
DA:125,0
DA:167,0
DA:210,0
DA:221,0
DA:242,0
DA:253,0
DA:274,0
DA:295,0
DA:374,0
LF:15
LH:0
BRF:0
BRH:0
end_of_record
TN:
SF:components\ui\enhanced-file-upload.tsx
FN:34,(anonymous_4)
FN:48,(anonymous_5)
FN:68,(anonymous_6)
FN:76,(anonymous_7)
FN:77,(anonymous_8)
FN:77,(anonymous_9)
FN:99,(anonymous_10)
FN:99,(anonymous_11)
FN:116,(anonymous_12)
FN:116,(anonymous_13)
FN:130,(anonymous_14)
FN:168,(anonymous_15)
FN:173,(anonymous_16)
FN:176,(anonymous_17)
FN:176,(anonymous_18)
FN:208,(anonymous_19)
FN:232,(anonymous_20)
FN:256,(anonymous_21)
FN:257,(anonymous_22)
FN:257,(anonymous_23)
FN:260,(anonymous_24)
FN:261,(anonymous_25)
FN:261,(anonymous_26)
FN:264,(anonymous_27)
FN:265,(anonymous_28)
FN:268,(anonymous_29)
FN:268,(anonymous_30)
FN:279,(anonymous_31)
FN:297,(anonymous_32)
FN:298,(anonymous_33)
FN:362,(anonymous_34)
FN:422,(anonymous_35)
FN:422,(anonymous_36)
FN:460,(anonymous_37)
FN:473,(anonymous_38)
FN:482,(anonymous_39)
FNF:36
FNH:0
FNDA:0,(anonymous_4)
FNDA:0,(anonymous_5)
FNDA:0,(anonymous_6)
FNDA:0,(anonymous_7)
FNDA:0,(anonymous_8)
FNDA:0,(anonymous_9)
FNDA:0,(anonymous_10)
FNDA:0,(anonymous_11)
FNDA:0,(anonymous_12)
FNDA:0,(anonymous_13)
FNDA:0,(anonymous_14)
FNDA:0,(anonymous_15)
FNDA:0,(anonymous_16)
FNDA:0,(anonymous_17)
FNDA:0,(anonymous_18)
FNDA:0,(anonymous_19)
FNDA:0,(anonymous_20)
FNDA:0,(anonymous_21)
FNDA:0,(anonymous_22)
FNDA:0,(anonymous_23)
FNDA:0,(anonymous_24)
FNDA:0,(anonymous_25)
FNDA:0,(anonymous_26)
FNDA:0,(anonymous_27)
FNDA:0,(anonymous_28)
FNDA:0,(anonymous_29)
FNDA:0,(anonymous_30)
FNDA:0,(anonymous_31)
FNDA:0,(anonymous_32)
FNDA:0,(anonymous_33)
FNDA:0,(anonymous_34)
FNDA:0,(anonymous_35)
FNDA:0,(anonymous_36)
FNDA:0,(anonymous_37)
FNDA:0,(anonymous_38)
FNDA:0,(anonymous_39)
DA:3,0
DA:4,0
DA:5,0
DA:6,0
DA:7,0
DA:8,0
DA:9,0
DA:10,0
DA:34,0
DA:44,0
DA:45,0
DA:46,0
DA:48,0
DA:50,0
DA:51,0
DA:55,0
DA:56,0
DA:60,0
DA:61,0
DA:62,0
DA:65,0
DA:68,0
DA:69,0
DA:70,0
DA:72,0
DA:77,0
DA:78,0
DA:90,0
DA:91,0
DA:92,0
DA:93,0
DA:99,0
DA:100,0
DA:111,0
DA:114,0
DA:116,0
DA:117,0
DA:126,0
DA:130,0
DA:131,0
DA:133,0
DA:134,0
DA:135,0
DA:138,0
DA:140,0
DA:141,0
DA:144,0
DA:145,0
DA:146,0
DA:148,0
DA:149,0
DA:156,0
DA:158,0
DA:159,0
DA:168,0
DA:171,0
DA:172,0
DA:173,0
DA:174,0
DA:175,0
DA:176,0
DA:177,0
DA:180,0
DA:181,0
DA:183,0
DA:188,0
DA:191,0
DA:192,0
DA:196,0
DA:197,0
DA:198,0
DA:199,0
DA:200,0
DA:201,0
DA:206,0
DA:209,0
DA:211,0
DA:221,0
DA:222,0
DA:223,0
DA:226,0
DA:232,0
DA:233,0
DA:235,0
DA:236,0
DA:238,0
DA:239,0
DA:240,0
DA:241,0
DA:242,0
DA:243,0
DA:244,0
DA:246,0
DA:249,0
DA:251,0
DA:252,0
DA:256,0
DA:257,0
DA:260,0
DA:261,0
DA:264,0
DA:265,0
DA:266,0
DA:268,0
DA:269,0
DA:272,0
DA:273,0
DA:275,0
DA:279,0
DA:280,0
DA:281,0
DA:297,0
DA:298,0
DA:363,0
DA:422,0
DA:423,0
DA:460,0
DA:473,0
DA:482,0
DA:497,0
LF:120
LH:0
BRDA:37,0,0,0
BRDA:38,1,0,0
BRDA:39,2,0,0
BRDA:40,3,0,0
BRDA:41,4,0,0
BRDA:50,5,0,0
BRDA:50,5,1,0
BRDA:55,6,0,0
BRDA:55,6,1,0
BRDA:61,7,0,0
BRDA:61,7,1,0
BRDA:62,8,0,0
BRDA:62,8,1,0
BRDA:78,9,0,0
BRDA:78,9,1,0
BRDA:90,10,0,0
BRDA:90,10,1,0
BRDA:92,11,0,0
BRDA:92,11,1,0
BRDA:100,12,0,0
BRDA:100,12,1,0
BRDA:117,13,0,0
BRDA:117,13,1,0
BRDA:121,14,0,0
BRDA:121,14,1,0
BRDA:131,15,0,0
BRDA:131,15,1,0
BRDA:131,16,0,0
BRDA:131,16,1,0
BRDA:133,17,0,0
BRDA:133,17,1,0
BRDA:148,18,0,0
BRDA:148,18,1,0
BRDA:174,19,0,0
BRDA:174,19,1,0
BRDA:177,20,0,0
BRDA:177,20,1,0
BRDA:191,21,0,0
BRDA:191,21,1,0
BRDA:191,22,0,0
BRDA:191,22,1,0
BRDA:198,23,0,0
BRDA:198,23,1,0
BRDA:198,24,0,0
BRDA:198,24,1,0
BRDA:200,25,0,0
BRDA:200,25,1,0
BRDA:209,26,0,0
BRDA:209,26,1,0
BRDA:222,27,0,0
BRDA:222,27,1,0
BRDA:229,28,0,0
BRDA:229,28,1,0
BRDA:233,29,0,0
BRDA:233,29,1,0
BRDA:233,30,0,0
BRDA:233,30,1,0
BRDA:236,31,0,0
BRDA:236,31,1,0
BRDA:244,32,0,0
BRDA:244,32,1,0
BRDA:266,33,0,0
BRDA:266,33,1,0
BRDA:266,34,0,0
BRDA:266,34,1,0
BRDA:269,35,0,0
BRDA:269,35,1,0
BRDA:281,36,0,0
BRDA:281,36,1,0
BRDA:281,36,2,0
BRDA:281,36,3,0
BRDA:298,37,0,0
BRDA:298,37,1,0
BRDA:305,38,0,0
BRDA:305,38,1,0
BRDA:305,39,0,0
BRDA:305,39,1,0
BRDA:308,40,0,0
BRDA:308,40,1,0
BRDA:308,41,0,0
BRDA:308,41,1,0
BRDA:308,41,2,0
BRDA:311,42,0,0
BRDA:311,42,1,0
BRDA:311,42,2,0
BRDA:319,43,0,0
BRDA:319,43,1,0
BRDA:323,44,0,0
BRDA:327,45,0,0
BRDA:327,45,1,0
BRDA:334,46,0,0
BRDA:334,46,1,0
BRDA:336,47,0,0
BRDA:336,47,1,0
BRDA:341,48,0,0
BRDA:341,48,1,0
BRDA:353,49,0,0
BRDA:392,50,0,0
BRDA:392,50,1,0
BRDA:405,51,0,0
BRDA:411,52,0,0
BRDA:422,53,0,0
BRDA:422,53,1,0
BRDA:430,54,0,0
BRDA:430,54,1,0
BRDA:432,55,0,0
BRDA:432,55,1,0
BRDA:447,56,0,0
BRDA:447,56,1,0
BRDA:456,57,0,0
BRDA:469,58,0,0
BRF:111
BRH:0
end_of_record
TN:
SF:components\ui\file-upload.tsx
FN:25,(anonymous_4)
FN:38,(anonymous_5)
FN:53,(anonymous_6)
FN:54,(anonymous_7)
FN:56,(anonymous_8)
FN:61,(anonymous_9)
FN:61,(anonymous_10)
FN:66,(anonymous_11)
FN:66,(anonymous_12)
FN:74,(anonymous_13)
FN:110,(anonymous_14)
FN:115,(anonymous_15)
FN:116,(anonymous_16)
FN:126,(anonymous_17)
FN:134,(anonymous_18)
FN:141,(anonymous_19)
FN:146,(anonymous_20)
FN:147,(anonymous_21)
FN:147,(anonymous_22)
FN:150,(anonymous_23)
FN:156,(anonymous_24)
FN:196,(anonymous_25)
FN:234,(anonymous_26)
FN:299,(anonymous_27)
FNF:24
FNH:0
FNDA:0,(anonymous_4)
FNDA:0,(anonymous_5)
FNDA:0,(anonymous_6)
FNDA:0,(anonymous_7)
FNDA:0,(anonymous_8)
FNDA:0,(anonymous_9)
FNDA:0,(anonymous_10)
FNDA:0,(anonymous_11)
FNDA:0,(anonymous_12)
FNDA:0,(anonymous_13)
FNDA:0,(anonymous_14)
FNDA:0,(anonymous_15)
FNDA:0,(anonymous_16)
FNDA:0,(anonymous_17)
FNDA:0,(anonymous_18)
FNDA:0,(anonymous_19)
FNDA:0,(anonymous_20)
FNDA:0,(anonymous_21)
FNDA:0,(anonymous_22)
FNDA:0,(anonymous_23)
FNDA:0,(anonymous_24)
FNDA:0,(anonymous_25)
FNDA:0,(anonymous_26)
FNDA:0,(anonymous_27)
DA:3,0
DA:4,0
DA:5,0
DA:6,0
DA:25,0
DA:33,0
DA:34,0
DA:35,0
DA:36,0
DA:38,0
DA:40,0
DA:41,0
DA:45,0
DA:46,0
DA:47,0
DA:50,0
DA:53,0
DA:54,0
DA:55,0
DA:56,0
DA:57,0
DA:58,0
DA:59,0
DA:60,0
DA:61,0
DA:62,0
DA:64,0
DA:66,0
DA:67,0
DA:74,0
DA:75,0
DA:77,0
DA:79,0
DA:80,0
DA:81,0
DA:84,0
DA:85,0
DA:87,0
DA:88,0
DA:89,0
DA:91,0
DA:92,0
DA:100,0
DA:101,0
DA:110,0
DA:111,0
DA:114,0
DA:115,0
DA:116,0
DA:118,0
DA:119,0
DA:121,0
DA:122,0
DA:126,0
DA:127,0
DA:128,0
DA:130,0
DA:131,0
DA:134,0
DA:135,0
DA:136,0
DA:137,0
DA:141,0
DA:142,0
DA:143,0
DA:146,0
DA:147,0
DA:150,0
DA:151,0
DA:152,0
DA:156,0
DA:157,0
DA:158,0
DA:196,0
DA:235,0
DA:300,0
DA:301,0
DA:316,0
LF:78
LH:0
BRDA:27,0,0,0
BRDA:28,1,0,0
BRDA:29,2,0,0
BRDA:30,3,0,0
BRDA:40,4,0,0
BRDA:40,4,1,0
BRDA:46,5,0,0
BRDA:46,5,1,0
BRDA:46,6,0,0
BRDA:46,6,1,0
BRDA:58,7,0,0
BRDA:58,7,1,0
BRDA:62,8,0,0
BRDA:62,8,1,0
BRDA:67,9,0,0
BRDA:67,9,1,0
BRDA:75,10,0,0
BRDA:75,10,1,0
BRDA:79,11,0,0
BRDA:79,11,1,0
BRDA:91,12,0,0
BRDA:91,12,1,0
BRDA:121,13,0,0
BRDA:121,13,1,0
BRDA:136,14,0,0
BRDA:136,14,1,0
BRDA:151,15,0,0
BRDA:151,15,1,0
BRDA:151,16,0,0
BRDA:151,16,1,0
BRDA:158,17,0,0
BRDA:158,17,1,0
BRDA:158,17,2,0
BRDA:177,18,0,0
BRDA:177,18,1,0
BRDA:184,19,0,0
BRDA:184,19,1,0
BRDA:184,20,0,0
BRDA:184,20,1,0
BRDA:187,21,0,0
BRDA:187,21,1,0
BRDA:196,22,0,0
BRDA:196,22,1,0
BRDA:203,23,0,0
BRDA:203,23,1,0
BRDA:208,24,0,0
BRDA:208,24,1,0
BRDA:214,25,0,0
BRDA:214,25,1,0
BRDA:227,26,0,0
BRDA:253,27,0,0
BRDA:272,28,0,0
BRDA:272,28,1,0
BRDA:281,29,0,0
BRDA:289,30,0,0
BRDA:292,31,0,0
BRF:56
BRH:0
end_of_record
TN:
SF:components\ui\particle-text-effect.tsx
FN:27,(anonymous_1)
FN:71,(anonymous_2)
FN:95,(anonymous_3)
FN:115,(anonymous_4)
FN:143,ParticleTextEffect
FN:154,(anonymous_7)
FN:175,(anonymous_8)
FN:263,(anonymous_9)
FN:303,(anonymous_10)
FN:316,(anonymous_11)
FNF:10
FNH:0
FNDA:0,(anonymous_1)
FNDA:0,(anonymous_2)
FNDA:0,(anonymous_3)
FNDA:0,(anonymous_4)
FNDA:0,ParticleTextEffect
FNDA:0,(anonymous_7)
FNDA:0,(anonymous_8)
FNDA:0,(anonymous_9)
FNDA:0,(anonymous_10)
FNDA:0,(anonymous_11)
DA:3,0
DA:11,0
DA:12,0
DA:13,0
DA:14,0
DA:16,0
DA:17,0
DA:18,0
DA:19,0
DA:20,0
DA:22,0
DA:23,0
DA:24,0
DA:25,0
DA:29,0
DA:30,0
DA:32,0
DA:33,0
DA:37,0
DA:42,0
DA:43,0
DA:44,0
DA:45,0
DA:48,0
DA:53,0
DA:54,0
DA:55,0
DA:56,0
DA:59,0
DA:60,0
DA:63,0
DA:64,0
DA:65,0
DA:66,0
DA:67,0
DA:68,0
DA:73,0
DA:74,0
DA:78,0
DA:84,0
DA:85,0
DA:86,0
DA:88,0
DA:89,0
DA:90,0
DA:91,0
DA:96,0
DA:98,0
DA:99,0
DA:100,0
DA:103,0
DA:108,0
DA:109,0
DA:111,0
DA:116,0
DA:117,0
DA:119,0
DA:124,0
DA:125,0
DA:126,0
DA:127,0
DA:130,0
DA:141,0
DA:143,0
DA:144,0
DA:145,0
DA:146,0
DA:147,0
DA:148,0
DA:149,0
DA:151,0
DA:152,0
DA:154,0
DA:155,0
DA:156,0
DA:158,0
DA:163,0
DA:164,0
DA:165,0
DA:166,0
DA:169,0
DA:175,0
DA:177,0
DA:178,0
DA:179,0
DA:180,0
DA:183,0
DA:184,0
DA:185,0
DA:186,0
DA:187,0
DA:189,0
DA:190,0
DA:193,0
DA:199,0
DA:200,0
DA:203,0
DA:204,0
DA:205,0
DA:209,0
DA:210,0
DA:211,0
DA:214,0
DA:215,0
DA:216,0
DA:218,0
DA:219,0
DA:220,0
DA:224,0
DA:225,0
DA:226,0
DA:227,0
DA:229,0
DA:231,0
DA:232,0
DA:233,0
DA:235,0
DA:236,0
DA:237,0
DA:238,0
DA:240,0
DA:244,0
DA:249,0
DA:250,0
DA:252,0
DA:253,0
DA:258,0
DA:259,0
DA:263,0
DA:264,0
DA:265,0
DA:267,0
DA:268,0
DA:271,0
DA:272,0
DA:275,0
DA:276,0
DA:277,0
DA:278,0
DA:281,0
DA:282,0
DA:288,0
DA:294,0
DA:295,0
DA:296,0
DA:297,0
DA:300,0
DA:303,0
DA:304,0
DA:305,0
DA:307,0
DA:308,0
DA:311,0
DA:314,0
DA:316,0
DA:317,0
DA:318,0
LF:157
LH:0
BRDA:32,0,0,0
BRDA:32,0,1,0
BRDA:43,1,0,0
BRDA:43,1,1,0
BRDA:54,2,0,0
BRDA:54,2,1,0
BRDA:73,3,0,0
BRDA:73,3,1,0
BRDA:84,4,0,0
BRDA:84,4,1,0
BRDA:96,5,0,0
BRDA:96,5,1,0
BRDA:125,6,0,0
BRDA:125,6,1,0
BRDA:143,7,0,0
BRDA:164,8,0,0
BRDA:164,8,1,0
BRDA:218,9,0,0
BRDA:218,9,1,0
BRDA:224,10,0,0
BRDA:224,10,1,0
BRDA:265,11,0,0
BRDA:265,11,1,0
BRDA:281,12,0,0
BRDA:281,12,1,0
BRDA:282,13,0,0
BRDA:282,13,1,0
BRDA:283,14,0,0
BRDA:283,14,1,0
BRDA:283,14,2,0
BRDA:283,14,3,0
BRDA:295,15,0,0
BRDA:295,15,1,0
BRDA:305,16,0,0
BRDA:305,16,1,0
BRDA:317,17,0,0
BRDA:317,17,1,0
BRF:37
BRH:0
end_of_record
TN:
SF:components\ui\pdf-tool.tsx
FN:49,(anonymous_5)
FN:67,(anonymous_6)
FN:69,(anonymous_7)
FN:75,(anonymous_8)
FN:81,(anonymous_9)
FN:82,(anonymous_10)
FN:84,(anonymous_11)
FN:92,(anonymous_12)
FN:107,(anonymous_13)
FN:141,(anonymous_14)
FN:152,(anonymous_15)
FN:153,(anonymous_16)
FN:154,(anonymous_17)
FN:160,(anonymous_18)
FN:172,(anonymous_19)
FN:172,(anonymous_20)
FN:175,(anonymous_21)
FN:194,(anonymous_22)
FN:194,(anonymous_23)
FN:207,(anonymous_24)
FN:207,(anonymous_25)
FN:225,(anonymous_26)
FN:225,(anonymous_27)
FN:361,(anonymous_28)
FN:381,(anonymous_29)
FNF:25
FNH:0
FNDA:0,(anonymous_5)
FNDA:0,(anonymous_6)
FNDA:0,(anonymous_7)
FNDA:0,(anonymous_8)
FNDA:0,(anonymous_9)
FNDA:0,(anonymous_10)
FNDA:0,(anonymous_11)
FNDA:0,(anonymous_12)
FNDA:0,(anonymous_13)
FNDA:0,(anonymous_14)
FNDA:0,(anonymous_15)
FNDA:0,(anonymous_16)
FNDA:0,(anonymous_17)
FNDA:0,(anonymous_18)
FNDA:0,(anonymous_19)
FNDA:0,(anonymous_20)
FNDA:0,(anonymous_21)
FNDA:0,(anonymous_22)
FNDA:0,(anonymous_23)
FNDA:0,(anonymous_24)
FNDA:0,(anonymous_25)
FNDA:0,(anonymous_26)
FNDA:0,(anonymous_27)
FNDA:0,(anonymous_28)
FNDA:0,(anonymous_29)
DA:3,0
DA:4,0
DA:15,0
DA:16,0
DA:17,0
DA:18,0
DA:49,0
DA:59,0
DA:60,0
DA:61,0
DA:62,0
DA:63,0
DA:64,0
DA:67,0
DA:68,0
DA:69,0
DA:70,0
DA:72,0
DA:75,0
DA:76,0
DA:77,0
DA:78,0
DA:81,0
DA:82,0
DA:83,0
DA:84,0
DA:85,0
DA:86,0
DA:87,0
DA:88,0
DA:89,0
DA:92,0
DA:99,0
DA:101,0
DA:107,0
DA:108,0
DA:109,0
DA:110,0
DA:113,0
DA:114,0
DA:116,0
DA:119,0
DA:120,0
DA:122,0
DA:125,0
DA:126,0
DA:131,0
DA:135,0
DA:137,0
DA:141,0
DA:142,0
DA:143,0
DA:144,0
DA:145,0
DA:146,0
DA:147,0
DA:149,0
DA:152,0
DA:153,0
DA:154,0
DA:155,0
DA:160,0
DA:161,0
DA:163,0
DA:165,0
DA:172,0
DA:176,0
DA:183,0
DA:194,0
DA:201,0
DA:207,0
DA:217,0
DA:225,0
DA:232,0
DA:362,0
DA:381,0
DA:411,0
LF:77
LH:0
BRDA:54,0,0,0
BRDA:55,1,0,0
BRDA:56,2,0,0
BRDA:86,3,0,0
BRDA:86,3,1,0
BRDA:108,4,0,0
BRDA:108,4,1,0
BRDA:119,5,0,0
BRDA:119,5,1,0
BRDA:163,6,0,0
BRDA:163,6,1,0
BRDA:163,6,2,0
BRDA:163,6,3,0
BRDA:163,6,4,0
BRDA:286,7,0,0
BRDA:305,8,0,0
BRDA:305,8,1,0
BRDA:305,9,0,0
BRDA:305,9,1,0
BRDA:306,10,0,0
BRDA:306,10,1,0
BRDA:306,11,0,0
BRDA:306,11,1,0
BRDA:308,12,0,0
BRDA:308,12,1,0
BRDA:311,13,0,0
BRDA:311,13,1,0
BRDA:311,14,0,0
BRDA:311,14,1,0
BRDA:317,15,0,0
BRDA:330,16,0,0
BRDA:345,17,0,0
BRF:32
BRH:0
end_of_record
TN:
SF:components\ui\sign-in-flow-1.tsx
FN:33,(anonymous_7)
FN:86,(anonymous_8)
FN:95,(anonymous_9)
FN:125,(anonymous_10)
FN:243,(anonymous_11)
FN:257,(anonymous_12)
FN:268,(anonymous_13)
FN:292,(anonymous_14)
FN:318,(anonymous_15)
FN:352,(anonymous_16)
FN:360,(anonymous_17)
FN:375,MiniNavbar
FN:380,(anonymous_19)
FN:384,(anonymous_20)
FN:392,(anonymous_21)
FN:397,(anonymous_22)
FN:454,(anonymous_23)
FN:478,(anonymous_24)
FN:493,(anonymous_25)
FN:502,(anonymous_26)
FN:510,(anonymous_27)
FN:512,(anonymous_28)
FN:518,(anonymous_29)
FN:531,(anonymous_30)
FN:537,(anonymous_31)
FN:542,(anonymous_32)
FN:550,(anonymous_33)
FN:556,(anonymous_34)
FN:647,(anonymous_35)
FN:689,(anonymous_36)
FN:693,(anonymous_37)
FN:701,(anonymous_38)
FN:702,(anonymous_39)
FN:741,(anonymous_40)
FN:745,(anonymous_41)
FNF:35
FNH:0
FNDA:0,(anonymous_7)
FNDA:0,(anonymous_8)
FNDA:0,(anonymous_9)
FNDA:0,(anonymous_10)
FNDA:0,(anonymous_11)
FNDA:0,(anonymous_12)
FNDA:0,(anonymous_13)
FNDA:0,(anonymous_14)
FNDA:0,(anonymous_15)
FNDA:0,(anonymous_16)
FNDA:0,(anonymous_17)
FNDA:0,MiniNavbar
FNDA:0,(anonymous_19)
FNDA:0,(anonymous_20)
FNDA:0,(anonymous_21)
FNDA:0,(anonymous_22)
FNDA:0,(anonymous_23)
FNDA:0,(anonymous_24)
FNDA:0,(anonymous_25)
FNDA:0,(anonymous_26)
FNDA:0,(anonymous_27)
FNDA:0,(anonymous_28)
FNDA:0,(anonymous_29)
FNDA:0,(anonymous_30)
FNDA:0,(anonymous_31)
FNDA:0,(anonymous_32)
FNDA:0,(anonymous_33)
FNDA:0,(anonymous_34)
FNDA:0,(anonymous_35)
FNDA:0,(anonymous_36)
FNDA:0,(anonymous_37)
FNDA:0,(anonymous_38)
FNDA:0,(anonymous_39)
FNDA:0,(anonymous_40)
FNDA:0,(anonymous_41)
DA:3,0
DA:4,0
DA:5,0
DA:6,0
DA:7,0
DA:9,0
DA:33,0
DA:86,0
DA:95,0
DA:96,0
DA:104,0
DA:105,0
DA:113,0
DA:114,0
DA:123,0
DA:125,0
DA:243,0
DA:253,0
DA:254,0
DA:255,0
DA:257,0
DA:258,0
DA:259,0
DA:261,0
DA:263,0
DA:264,0
DA:265,0
DA:268,0
DA:269,0
DA:271,0
DA:272,0
DA:274,0
DA:276,0
DA:277,0
DA:279,0
DA:280,0
DA:282,0
DA:286,0
DA:288,0
DA:289,0
DA:291,0
DA:293,0
DA:297,0
DA:299,0
DA:303,0
DA:305,0
DA:306,0
DA:310,0
DA:311,0
DA:314,0
DA:318,0
DA:319,0
DA:341,0
DA:352,0
DA:360,0
DA:361,0
DA:362,0
DA:363,0
DA:376,0
DA:377,0
DA:378,0
DA:380,0
DA:381,0
DA:384,0
DA:385,0
DA:386,0
DA:389,0
DA:390,0
DA:392,0
DA:393,0
DA:397,0
DA:398,0
DA:399,0
DA:413,0
DA:455,0
DA:479,0
DA:493,0
DA:494,0
DA:495,0
DA:496,0
DA:497,0
DA:498,0
DA:499,0
DA:500,0
DA:502,0
DA:503,0
DA:504,0
DA:505,0
DA:510,0
DA:511,0
DA:512,0
DA:513,0
DA:518,0
DA:519,0
DA:520,0
DA:521,0
DA:522,0
DA:525,0
DA:526,0
DA:530,0
DA:531,0
DA:532,0
DA:534,0
DA:537,0
DA:538,0
DA:542,0
DA:543,0
DA:550,0
DA:551,0
DA:552,0
DA:556,0
DA:557,0
DA:558,0
DA:560,0
DA:561,0
DA:647,0
DA:690,0
DA:694,0
DA:701,0
DA:702,0
DA:741,0
DA:745,0
LF:122
LH:0
BRDA:34,0,0,0
BRDA:35,1,0,0
BRDA:36,2,0,0
BRDA:39,3,0,0
BRDA:40,4,0,0
BRDA:54,5,0,0
BRDA:54,5,1,0
BRDA:55,6,0,0
BRDA:55,6,1,0
BRDA:57,7,0,0
BRDA:57,7,1,0
BRDA:61,8,0,0
BRDA:61,8,1,0
BRDA:67,9,0,0
BRDA:87,10,0,0
BRDA:88,11,0,0
BRDA:89,12,0,0
BRDA:90,13,0,0
BRDA:91,14,0,0
BRDA:92,15,0,0
BRDA:104,16,0,0
BRDA:104,16,1,0
BRDA:113,17,0,0
BRDA:113,17,1,0
BRDA:145,18,0,0
BRDA:145,18,1,0
BRDA:179,19,0,0
BRDA:179,19,1,0
BRDA:184,20,0,0
BRDA:184,20,1,0
BRDA:246,21,0,0
BRDA:258,22,0,0
BRDA:258,22,1,0
BRDA:274,23,0,0
BRDA:274,23,1,0
BRDA:274,23,2,0
BRDA:274,23,3,0
BRDA:274,23,4,0
BRDA:274,23,5,0
BRDA:274,23,6,0
BRDA:352,24,0,0
BRDA:385,25,0,0
BRDA:385,25,1,0
BRDA:389,26,0,0
BRDA:389,26,1,0
BRDA:398,27,0,0
BRDA:398,27,1,0
BRDA:466,28,0,0
BRDA:466,28,1,0
BRDA:468,29,0,0
BRDA:476,30,0,0
BRDA:476,30,1,0
BRDA:504,31,0,0
BRDA:504,31,1,0
BRDA:511,32,0,0
BRDA:511,32,1,0
BRDA:519,33,0,0
BRDA:519,33,1,0
BRDA:525,34,0,0
BRDA:525,34,1,0
BRDA:525,35,0,0
BRDA:525,35,1,0
BRDA:530,36,0,0
BRDA:530,36,1,0
BRDA:530,37,0,0
BRDA:530,37,1,0
BRDA:532,38,0,0
BRDA:532,38,1,0
BRDA:551,39,0,0
BRDA:551,39,1,0
BRDA:551,40,0,0
BRDA:551,40,1,0
BRDA:551,40,2,0
BRDA:568,41,0,0
BRDA:584,42,0,0
BRDA:614,43,0,0
BRDA:614,43,1,0
BRDA:672,44,0,0
BRDA:672,44,1,0
BRDA:706,45,0,0
BRDA:712,46,0,0
BRDA:741,47,0,0
BRDA:741,47,1,0
BRF:83
BRH:0
end_of_record
TN:
SF:components\ui\toast.tsx
FN:34,(anonymous_7)
FN:42,(anonymous_8)
FN:45,(anonymous_9)
FN:49,(anonymous_10)
FN:54,(anonymous_11)
FN:60,(anonymous_12)
FN:61,(anonymous_13)
FN:61,(anonymous_14)
FN:64,(anonymous_15)
FN:68,(anonymous_16)
FN:72,(anonymous_17)
FN:76,(anonymous_18)
FN:101,(anonymous_19)
FN:105,(anonymous_20)
FN:109,(anonymous_21)
FN:122,(anonymous_22)
FN:123,(anonymous_23)
FN:136,(anonymous_24)
FNF:18
FNH:10
FNDA:2,(anonymous_7)
FNDA:2,(anonymous_8)
FNDA:1,(anonymous_9)
FNDA:1,(anonymous_10)
FNDA:0,(anonymous_11)
FNDA:0,(anonymous_12)
FNDA:0,(anonymous_13)
FNDA:0,(anonymous_14)
FNDA:1,(anonymous_15)
FNDA:0,(anonymous_16)
FNDA:0,(anonymous_17)
FNDA:0,(anonymous_18)
FNDA:2,(anonymous_19)
FNDA:1,(anonymous_20)
FNDA:0,(anonymous_21)
FNDA:1,(anonymous_22)
FNDA:1,(anonymous_23)
FNDA:1,(anonymous_24)
DA:3,1
DA:4,1
DA:5,1
DA:6,1
DA:32,1
DA:34,2
DA:35,2
DA:36,2
DA:37,0
DA:39,2
DA:42,1
DA:43,2
DA:45,2
DA:46,1
DA:47,1
DA:49,1
DA:52,1
DA:53,1
DA:54,1
DA:55,0
DA:60,2
DA:61,0
DA:64,2
DA:65,1
DA:68,2
DA:69,0
DA:72,2
DA:73,0
DA:76,2
DA:77,0
DA:101,1
DA:106,1
DA:109,0
DA:122,1
DA:123,1
DA:124,1
DA:136,1
DA:137,1
DA:139,1
DA:141,0
DA:143,0
DA:145,0
DA:200,1
LF:43
LH:33
BRDA:36,0,0,0
BRDA:36,0,1,2
BRDA:52,1,0,1
BRDA:52,1,1,1
BRDA:53,2,0,1
BRDA:53,2,1,0
BRDA:137,3,0,1
BRDA:137,3,1,0
BRDA:137,3,2,0
BRDA:137,3,3,0
BRDA:170,4,0,1
BRDA:176,5,0,1
BRF:12
BRH:7
end_of_record
TN:
SF:components\ui\tool-template.tsx
FN:15,(anonymous_2)
FNF:1
FNH:0
FNDA:0,(anonymous_2)
DA:3,0
DA:4,0
DA:5,0
DA:6,0
DA:15,0
DA:124,0
LF:6
LH:0
BRDA:63,0,0,0
BRF:1
BRH:0
end_of_record
TN:
SF:lib\api.ts
FN:41,(anonymous_2)
FN:49,(anonymous_3)
FN:59,(anonymous_4)
FN:76,(anonymous_5)
FN:159,(anonymous_6)
FN:163,(anonymous_7)
FN:213,(anonymous_8)
FN:234,(anonymous_9)
FN:244,(anonymous_10)
FN:270,(anonymous_11)
FNF:10
FNH:0
FNDA:0,(anonymous_2)
FNDA:0,(anonymous_3)
FNDA:0,(anonymous_4)
FNDA:0,(anonymous_5)
FNDA:0,(anonymous_6)
FNDA:0,(anonymous_7)
FNDA:0,(anonymous_8)
FNDA:0,(anonymous_9)
FNDA:0,(anonymous_10)
FNDA:0,(anonymous_11)
DA:1,0
DA:2,0
DA:39,0
DA:43,0
DA:56,0
DA:59,0
DA:60,0
DA:64,0
DA:65,0
DA:68,0
DA:69,0
DA:77,0
DA:78,0
DA:79,0
DA:92,0
DA:93,0
DA:95,0
DA:96,0
DA:99,0
DA:100,0
DA:102,0
DA:108,0
DA:111,0
DA:112,0
DA:114,0
DA:116,0
DA:119,0
DA:123,0
DA:125,0
DA:126,0
DA:128,0
DA:129,0
DA:130,0
DA:131,0
DA:132,0
DA:133,0
DA:135,0
DA:137,0
DA:138,0
DA:139,0
DA:140,0
DA:141,0
DA:142,0
DA:146,0
DA:152,0
DA:163,0
DA:164,0
DA:165,0
DA:166,0
DA:168,0
DA:176,0
DA:177,0
DA:178,0
DA:180,0
DA:186,0
DA:187,0
DA:196,0
DA:197,0
DA:207,0
DA:214,0
DA:215,0
DA:220,0
DA:221,0
DA:223,0
DA:226,0
DA:227,0
DA:235,0
DA:237,0
DA:238,0
DA:245,0
DA:246,0
DA:256,0
DA:257,0
DA:260,0
DA:261,0
DA:264,0
DA:271,0
DA:289,0
LF:78
LH:0
BRDA:52,0,0,0
BRDA:64,1,0,0
BRDA:64,1,1,0
BRDA:77,2,0,0
BRDA:77,2,1,0
BRDA:93,3,0,0
BRDA:93,3,1,0
BRDA:93,4,0,0
BRDA:93,4,1,0
BRDA:93,4,2,0
BRDA:96,5,0,0
BRDA:96,5,1,0
BRDA:114,6,0,0
BRDA:114,6,1,0
BRDA:128,7,0,0
BRDA:128,7,1,0
BRDA:129,8,0,0
BRDA:129,8,1,0
BRDA:132,9,0,0
BRDA:132,9,1,0
BRDA:133,10,0,0
BRDA:133,10,1,0
BRDA:137,11,0,0
BRDA:137,11,1,0
BRDA:140,12,0,0
BRDA:140,12,1,0
BRDA:169,13,0,0
BRDA:169,13,1,0
BRDA:170,14,0,0
BRDA:170,14,1,0
BRDA:171,15,0,0
BRDA:171,15,1,0
BRDA:176,16,0,0
BRDA:176,16,1,0
BRDA:176,17,0,0
BRDA:176,17,1,0
BRDA:178,18,0,0
BRDA:178,18,1,0
BRDA:186,19,0,0
BRDA:186,19,1,0
BRDA:190,20,0,0
BRDA:190,20,1,0
BRDA:221,21,0,0
BRDA:221,21,1,0
BRDA:221,21,2,0
BRDA:235,22,0,0
BRDA:235,22,1,0
BRDA:238,23,0,0
BRDA:238,23,1,0
BRDA:256,24,0,0
BRDA:256,24,1,0
BRDA:260,25,0,0
BRDA:260,25,1,0
BRF:53
BRH:0
end_of_record
TN:
SF:lib\store.ts
FN:32,(anonymous_1)
FN:36,(anonymous_2)
FN:45,(anonymous_3)
FN:52,(anonymous_4)
FN:53,(anonymous_5)
FN:54,(anonymous_6)
FN:60,(anonymous_7)
FN:61,(anonymous_8)
FN:62,(anonymous_9)
FN:66,(anonymous_10)
FN:72,(anonymous_11)
FN:80,(anonymous_12)
FN:92,(anonymous_13)
FNF:13
FNH:0
FNDA:0,(anonymous_1)
FNDA:0,(anonymous_2)
FNDA:0,(anonymous_3)
FNDA:0,(anonymous_4)
FNDA:0,(anonymous_5)
FNDA:0,(anonymous_6)
FNDA:0,(anonymous_7)
FNDA:0,(anonymous_8)
FNDA:0,(anonymous_9)
FNDA:0,(anonymous_10)
FNDA:0,(anonymous_11)
FNDA:0,(anonymous_12)
FNDA:0,(anonymous_13)
DA:1,0
DA:32,0
DA:37,0
DA:38,0
DA:45,0
DA:49,0
DA:53,0
DA:55,0
DA:61,0
DA:62,0
DA:67,0
DA:73,0
DA:81,0
DA:82,0
DA:85,0
DA:86,0
DA:88,0
DA:93,0
DA:94,0
DA:97,0
DA:98,0
DA:102,0
LF:22
LH:0
BRDA:55,0,0,0
BRDA:55,0,1,0
BRDA:85,1,0,0
BRDA:85,1,1,0
BRDA:97,2,0,0
BRDA:97,2,1,0
BRF:6
BRH:0
end_of_record
TN:
SF:lib\utils.ts
FN:4,cn
FNF:1
FNH:1
FNDA:9,cn
DA:1,2
DA:2,2
DA:4,9
DA:5,9
LF:4
LH:4
BRF:0
BRH:0
end_of_record
TN:
SF:utils\pwa.ts
FN:13,(anonymous_3)
FN:20,(anonymous_4)
FN:34,(anonymous_5)
FN:37,(anonymous_6)
FN:47,(anonymous_7)
FN:58,(anonymous_8)
FN:61,(anonymous_9)
FN:71,(anonymous_10)
FN:78,(anonymous_11)
FN:102,(anonymous_12)
FN:106,(anonymous_13)
FN:112,(anonymous_14)
FN:117,(anonymous_15)
FN:129,(anonymous_16)
FN:147,(anonymous_17)
FN:169,(anonymous_18)
FN:191,(anonymous_20)
FN:192,(anonymous_21)
FN:195,(anonymous_22)
FN:196,(anonymous_23)
FN:201,(anonymous_24)
FN:224,(anonymous_25)
FN:227,(anonymous_26)
FN:237,(anonymous_27)
FN:238,(anonymous_28)
FN:242,(anonymous_29)
FN:245,(anonymous_30)
FN:250,(anonymous_31)
FN:251,(anonymous_32)
FN:255,(anonymous_33)
FN:258,(anonymous_34)
FN:263,(anonymous_35)
FN:264,(anonymous_36)
FNF:33
FNH:0
FNDA:0,(anonymous_3)
FNDA:0,(anonymous_4)
FNDA:0,(anonymous_5)
FNDA:0,(anonymous_6)
FNDA:0,(anonymous_7)
FNDA:0,(anonymous_8)
FNDA:0,(anonymous_9)
FNDA:0,(anonymous_10)
FNDA:0,(anonymous_11)
FNDA:0,(anonymous_12)
FNDA:0,(anonymous_13)
FNDA:0,(anonymous_14)
FNDA:0,(anonymous_15)
FNDA:0,(anonymous_16)
FNDA:0,(anonymous_17)
FNDA:0,(anonymous_18)
FNDA:0,(anonymous_20)
FNDA:0,(anonymous_21)
FNDA:0,(anonymous_22)
FNDA:0,(anonymous_23)
FNDA:0,(anonymous_24)
FNDA:0,(anonymous_25)
FNDA:0,(anonymous_26)
FNDA:0,(anonymous_27)
FNDA:0,(anonymous_28)
FNDA:0,(anonymous_29)
FNDA:0,(anonymous_30)
FNDA:0,(anonymous_31)
FNDA:0,(anonymous_32)
FNDA:0,(anonymous_33)
FNDA:0,(anonymous_34)
FNDA:0,(anonymous_35)
FNDA:0,(anonymous_36)
DA:8,0
DA:10,0
DA:11,0
DA:14,0
DA:15,0
DA:17,0
DA:21,0
DA:22,0
DA:23,0
DA:26,0
DA:27,0
DA:31,0
DA:34,0
DA:35,0
DA:36,0
DA:37,0
DA:38,0
DA:40,0
DA:47,0
DA:48,0
DA:51,0
DA:53,0
DA:54,0
DA:59,0
DA:61,0
DA:63,0
DA:65,0
DA:68,0
DA:71,0
DA:72,0
DA:73,0
DA:74,0
DA:79,0
DA:80,0
DA:83,0
DA:84,0
DA:85,0
DA:87,0
DA:88,0
DA:89,0
DA:91,0
DA:92,0
DA:95,0
DA:96,0
DA:98,0
DA:103,0
DA:107,0
DA:108,0
DA:114,0
DA:118,0
DA:120,0
DA:123,0
DA:125,0
DA:130,0
DA:131,0
DA:132,0
DA:135,0
DA:136,0
DA:139,0
DA:140,0
DA:143,0
DA:144,0
DA:148,0
DA:149,0
DA:150,0
DA:153,0
DA:154,0
DA:161,0
DA:162,0
DA:164,0
DA:165,0
DA:170,0
DA:171,0
DA:175,0
DA:176,0
DA:178,0
DA:179,0
DA:181,0
DA:186,0
DA:187,0
DA:188,0
DA:189,0
DA:192,0
DA:193,0
DA:195,0
DA:196,0
DA:197,0
DA:198,0
DA:201,0
DA:202,0
DA:205,0
DA:206,0
DA:210,0
DA:213,0
DA:214,0
DA:218,0
DA:225,0
DA:227,0
DA:228,0
DA:229,0
DA:231,0
DA:236,0
DA:237,0
DA:238,0
DA:243,0
DA:245,0
DA:246,0
DA:247,0
DA:248,0
DA:250,0
DA:251,0
DA:256,0
DA:258,0
DA:259,0
DA:260,0
DA:261,0
DA:263,0
DA:264,0
LF:118
LH:0
BRDA:14,0,0,0
BRDA:14,0,1,0
BRDA:21,1,0,0
BRDA:21,1,1,0
BRDA:21,2,0,0
BRDA:21,2,1,0
BRDA:36,3,0,0
BRDA:36,3,1,0
BRDA:38,4,0,0
BRDA:38,4,1,0
BRDA:38,5,0,0
BRDA:38,5,1,0
BRDA:59,6,0,0
BRDA:59,6,1,0
BRDA:79,7,0,0
BRDA:79,7,1,0
BRDA:87,8,0,0
BRDA:87,8,1,0
BRDA:107,9,0,0
BRDA:107,9,1,0
BRDA:118,10,0,0
BRDA:118,10,1,0
BRDA:130,11,0,0
BRDA:130,11,1,0
BRDA:135,12,0,0
BRDA:135,12,1,0
BRDA:139,13,0,0
BRDA:139,13,1,0
BRDA:148,14,0,0
BRDA:148,14,1,0
BRDA:157,15,0,0
BRDA:157,15,1,0
BRDA:205,16,0,0
BRDA:205,16,1,0
BRDA:213,17,0,0
BRDA:213,17,1,0
BRDA:225,18,0,0
BRDA:225,18,1,0
BRDA:243,19,0,0
BRDA:243,19,1,0
BRDA:256,20,0,0
BRDA:256,20,1,0
BRF:42
BRH:0
end_of_record
